+-------------------------------------------------------------------------
| COATJAVA LIBRARY DIRECTORY =  /Users/wood5/jlab/clas12-offline-software/coatjava/bin/../lib/clas/
+-------------------------------------------------------------------------
 
 
*****************************************
*    Running COAT-JAVA Groovy Scripts   *
*    Version : 3a  Release : 2016       *
*****************************************
 
 
[C, Fe, Pb, D]
Analyzing /Users/wood5/jlab/clas6/DMS/eg2/proton/Simulations/eg2_proton_sim/plot_acc/C/1d/sig1.5/prunedC_Q2.gen
Analyzing /Users/wood5/jlab/clas6/DMS/eg2/proton/Simulations/eg2_proton_sim/plot_acc/C/1d/sig1.5/prunedC_Q2.rec
Analyzing /Users/wood5/jlab/clas6/DMS/eg2/proton/Simulations/eg2_proton_sim/plot_acc/Fe/1d/sig1.5/prunedFe_Q2.gen
Analyzing /Users/wood5/jlab/clas6/DMS/eg2/proton/Simulations/eg2_proton_sim/plot_acc/Fe/1d/sig1.5/prunedFe_Q2.rec
Analyzing /Users/wood5/jlab/clas6/DMS/eg2/proton/Simulations/eg2_proton_sim/plot_acc/Pb/1d/sig1.5/prunedPb_Q2.gen
Analyzing /Users/wood5/jlab/clas6/DMS/eg2/proton/Simulations/eg2_proton_sim/plot_acc/Pb/1d/sig1.5/prunedPb_Q2.rec
Analyzing /Users/wood5/jlab/clas6/DMS/eg2/proton/Simulations/eg2_proton_sim/plot_acc/D/1d/sig1.5/prunedD_Q2.gen
Analyzing /Users/wood5/jlab/clas6/DMS/eg2/proton/Simulations/eg2_proton_sim/plot_acc/D/1d/sig1.5/prunedD_Q2.rec
Analyzing /Users/wood5/jlab/clas6/DMS/eg2/proton/Simulations/eg2_proton_sim/plot_acc/C/1d/sig1.5/prunedC_Nu.gen
Analyzing /Users/wood5/jlab/clas6/DMS/eg2/proton/Simulations/eg2_proton_sim/plot_acc/C/1d/sig1.5/prunedC_Nu.rec
Analyzing /Users/wood5/jlab/clas6/DMS/eg2/proton/Simulations/eg2_proton_sim/plot_acc/Fe/1d/sig1.5/prunedFe_Nu.gen
Analyzing /Users/wood5/jlab/clas6/DMS/eg2/proton/Simulations/eg2_proton_sim/plot_acc/Fe/1d/sig1.5/prunedFe_Nu.rec
Analyzing /Users/wood5/jlab/clas6/DMS/eg2/proton/Simulations/eg2_proton_sim/plot_acc/Pb/1d/sig1.5/prunedPb_Nu.gen
Analyzing /Users/wood5/jlab/clas6/DMS/eg2/proton/Simulations/eg2_proton_sim/plot_acc/Pb/1d/sig1.5/prunedPb_Nu.rec
Analyzing /Users/wood5/jlab/clas6/DMS/eg2/proton/Simulations/eg2_proton_sim/plot_acc/D/1d/sig1.5/prunedD_Nu.gen
Analyzing /Users/wood5/jlab/clas6/DMS/eg2/proton/Simulations/eg2_proton_sim/plot_acc/D/1d/sig1.5/prunedD_Nu.rec
Analyzing /Users/wood5/jlab/clas6/DMS/eg2/proton/Simulations/eg2_proton_sim/plot_acc/C/1d/sig1.5/prunedC_Zh.gen
Analyzing /Users/wood5/jlab/clas6/DMS/eg2/proton/Simulations/eg2_proton_sim/plot_acc/C/1d/sig1.5/prunedC_Zh.rec
Analyzing /Users/wood5/jlab/clas6/DMS/eg2/proton/Simulations/eg2_proton_sim/plot_acc/Fe/1d/sig1.5/prunedFe_Zh.gen
Analyzing /Users/wood5/jlab/clas6/DMS/eg2/proton/Simulations/eg2_proton_sim/plot_acc/Fe/1d/sig1.5/prunedFe_Zh.rec
Analyzing /Users/wood5/jlab/clas6/DMS/eg2/proton/Simulations/eg2_proton_sim/plot_acc/Pb/1d/sig1.5/prunedPb_Zh.gen
Analyzing /Users/wood5/jlab/clas6/DMS/eg2/proton/Simulations/eg2_proton_sim/plot_acc/Pb/1d/sig1.5/prunedPb_Zh.rec
Analyzing /Users/wood5/jlab/clas6/DMS/eg2/proton/Simulations/eg2_proton_sim/plot_acc/D/1d/sig1.5/prunedD_Zh.gen
Analyzing /Users/wood5/jlab/clas6/DMS/eg2/proton/Simulations/eg2_proton_sim/plot_acc/D/1d/sig1.5/prunedD_Zh.rec
Analyzing /Users/wood5/jlab/clas6/DMS/eg2/proton/Simulations/eg2_proton_sim/plot_acc/C/1d/sig1.5/prunedC_Pt2.gen
Analyzing /Users/wood5/jlab/clas6/DMS/eg2/proton/Simulations/eg2_proton_sim/plot_acc/C/1d/sig1.5/prunedC_Pt2.rec
Analyzing /Users/wood5/jlab/clas6/DMS/eg2/proton/Simulations/eg2_proton_sim/plot_acc/Fe/1d/sig1.5/prunedFe_Pt2.gen
Analyzing /Users/wood5/jlab/clas6/DMS/eg2/proton/Simulations/eg2_proton_sim/plot_acc/Fe/1d/sig1.5/prunedFe_Pt2.rec
Analyzing /Users/wood5/jlab/clas6/DMS/eg2/proton/Simulations/eg2_proton_sim/plot_acc/Pb/1d/sig1.5/prunedPb_Pt2.gen
Analyzing /Users/wood5/jlab/clas6/DMS/eg2/proton/Simulations/eg2_proton_sim/plot_acc/Pb/1d/sig1.5/prunedPb_Pt2.rec
Analyzing /Users/wood5/jlab/clas6/DMS/eg2/proton/Simulations/eg2_proton_sim/plot_acc/D/1d/sig1.5/prunedD_Pt2.gen
Analyzing /Users/wood5/jlab/clas6/DMS/eg2/proton/Simulations/eg2_proton_sim/plot_acc/D/1d/sig1.5/prunedD_Pt2.rec
Analyzing /Users/wood5/jlab/clas6/DMS/eg2/proton/Simulations/eg2_proton_sim/plot_acc/C/1d/sig1.5/prunedC_Zlc_lo.gen
Analyzing /Users/wood5/jlab/clas6/DMS/eg2/proton/Simulations/eg2_proton_sim/plot_acc/C/1d/sig1.5/prunedC_Zlc_lo.rec
Analyzing /Users/wood5/jlab/clas6/DMS/eg2/proton/Simulations/eg2_proton_sim/plot_acc/Fe/1d/sig1.5/prunedFe_Zlc_lo.gen
Analyzing /Users/wood5/jlab/clas6/DMS/eg2/proton/Simulations/eg2_proton_sim/plot_acc/Fe/1d/sig1.5/prunedFe_Zlc_lo.rec
Analyzing /Users/wood5/jlab/clas6/DMS/eg2/proton/Simulations/eg2_proton_sim/plot_acc/Pb/1d/sig1.5/prunedPb_Zlc_lo.gen
Analyzing /Users/wood5/jlab/clas6/DMS/eg2/proton/Simulations/eg2_proton_sim/plot_acc/Pb/1d/sig1.5/prunedPb_Zlc_lo.rec
Analyzing /Users/wood5/jlab/clas6/DMS/eg2/proton/Simulations/eg2_proton_sim/plot_acc/D/1d/sig1.5/prunedD_Zlc_lo.gen
Analyzing /Users/wood5/jlab/clas6/DMS/eg2/proton/Simulations/eg2_proton_sim/plot_acc/D/1d/sig1.5/prunedD_Zlc_lo.rec
Analyzing /Users/wood5/jlab/clas6/DMS/eg2/proton/Simulations/eg2_proton_sim/plot_acc/C/1d/sig1.5/prunedC_Zlc_hi.gen
Analyzing /Users/wood5/jlab/clas6/DMS/eg2/proton/Simulations/eg2_proton_sim/plot_acc/C/1d/sig1.5/prunedC_Zlc_hi.rec
Analyzing /Users/wood5/jlab/clas6/DMS/eg2/proton/Simulations/eg2_proton_sim/plot_acc/Fe/1d/sig1.5/prunedFe_Zlc_hi.gen
Analyzing /Users/wood5/jlab/clas6/DMS/eg2/proton/Simulations/eg2_proton_sim/plot_acc/Fe/1d/sig1.5/prunedFe_Zlc_hi.rec
Analyzing /Users/wood5/jlab/clas6/DMS/eg2/proton/Simulations/eg2_proton_sim/plot_acc/Pb/1d/sig1.5/prunedPb_Zlc_hi.gen
Analyzing /Users/wood5/jlab/clas6/DMS/eg2/proton/Simulations/eg2_proton_sim/plot_acc/Pb/1d/sig1.5/prunedPb_Zlc_hi.rec
Analyzing /Users/wood5/jlab/clas6/DMS/eg2/proton/Simulations/eg2_proton_sim/plot_acc/D/1d/sig1.5/prunedD_Zlc_hi.gen
Analyzing /Users/wood5/jlab/clas6/DMS/eg2/proton/Simulations/eg2_proton_sim/plot_acc/D/1d/sig1.5/prunedD_Zlc_hi.rec
Analyzing /Users/wood5/jlab/clas6/DMS/eg2/proton/Simulations/eg2_proton_sim/plot_acc/C/1d/sig1.5/prunedC_PhiPQ.gen
Analyzing /Users/wood5/jlab/clas6/DMS/eg2/proton/Simulations/eg2_proton_sim/plot_acc/C/1d/sig1.5/prunedC_PhiPQ.rec
Analyzing /Users/wood5/jlab/clas6/DMS/eg2/proton/Simulations/eg2_proton_sim/plot_acc/Fe/1d/sig1.5/prunedFe_PhiPQ.gen
Analyzing /Users/wood5/jlab/clas6/DMS/eg2/proton/Simulations/eg2_proton_sim/plot_acc/Fe/1d/sig1.5/prunedFe_PhiPQ.rec
Analyzing /Users/wood5/jlab/clas6/DMS/eg2/proton/Simulations/eg2_proton_sim/plot_acc/Pb/1d/sig1.5/prunedPb_PhiPQ.gen
Analyzing /Users/wood5/jlab/clas6/DMS/eg2/proton/Simulations/eg2_proton_sim/plot_acc/Pb/1d/sig1.5/prunedPb_PhiPQ.rec
Analyzing /Users/wood5/jlab/clas6/DMS/eg2/proton/Simulations/eg2_proton_sim/plot_acc/D/1d/sig1.5/prunedD_PhiPQ.gen
Analyzing /Users/wood5/jlab/clas6/DMS/eg2/proton/Simulations/eg2_proton_sim/plot_acc/D/1d/sig1.5/prunedD_PhiPQ.rec
Writer : Last Record => pos = 41572, entries =     1 
